<?xml version="1.0" encoding="UTF-8"?>
<!-- Generated by org.testng.reporters.JUnitXMLReporter -->
<testsuite hostname="CS-075-LT-WS" name="Test1" tests="4" failures="2" timestamp="17 May 2018 11:50:55 GMT" time="45.27" errors="0">
  <testcase name="@AfterTest end" time="0.0" classname="com.circlesLife.TestCases.FacebookAutomationTestCase">
    <failure type="java.lang.NullPointerException">
      <![CDATA[java.lang.NullPointerException
	at com.circlesLife.TestCases.FacebookAutomationTestCase.end(FacebookAutomationTestCase.java:53)
... Removed 22 stack frames]]>
    </failure>
  </testcase> <!-- @AfterTest end -->
  <testcase name="verifyWebsiteLaunch" time="0.112" classname="com.circlesLife.TestCases.CirclesLifeAutomationTestCases"/>
  <testcase name="loginToCirclesLifeWebsite" time="5.761" classname="com.circlesLife.TestCases.CirclesLifeAutomationTestCases"/>
  <testcase name="verifyAppiumConnectionAndAppLuanch" time="39.337" classname="com.circlesLife.TestCases.FacebookAutomationTestCase">
    <failure type="org.openqa.selenium.WebDriverException" message="An unknown server-side error occurred while processing the command. Original error: Could not find a connected Android device. (WARNING: The server did not provide any stacktrace information)
Command duration or timeout: 30.11 seconds
Build info: version: &amp;apos;2.53.1&amp;apos;, revision: &amp;apos;a36b8b1cd5757287168e54b817830adce9b0158d&amp;apos;, time: &amp;apos;2016-06-30 19:26:09&amp;apos;
System info: host: &amp;apos;CS-075-LT-WS&amp;apos;, ip: &amp;apos;169.254.202.181&amp;apos;, os.name: &amp;apos;Windows 8.1&amp;apos;, os.arch: &amp;apos;amd64&amp;apos;, os.version: &amp;apos;6.3&amp;apos;, java.version: &amp;apos;1.8.0_91&amp;apos;
Driver info: io.appium.java_client.android.AndroidDriver">
      <![CDATA[org.openqa.selenium.WebDriverException: An unknown server-side error occurred while processing the command. Original error: Could not find a connected Android device. (WARNING: The server did not provide any stacktrace information)
Command duration or timeout: 30.11 seconds
Build info: version: '2.53.1', revision: 'a36b8b1cd5757287168e54b817830adce9b0158d', time: '2016-06-30 19:26:09'
System info: host: 'CS-075-LT-WS', ip: '169.254.202.181', os.name: 'Windows 8.1', os.arch: 'amd64', os.version: '6.3', java.version: '1.8.0_91'
Driver info: io.appium.java_client.android.AndroidDriver
	at org.openqa.selenium.remote.ErrorHandler.createThrowable(ErrorHandler.java:206)
	at org.openqa.selenium.remote.ErrorHandler.throwIfResponseFailed(ErrorHandler.java:158)
	at org.openqa.selenium.remote.RemoteWebDriver.execute(RemoteWebDriver.java:678)
	at io.appium.java_client.DefaultGenericMobileDriver.execute(DefaultGenericMobileDriver.java:40)
	at io.appium.java_client.AppiumDriver.execute(AppiumDriver.java:1)
	at io.appium.java_client.android.AndroidDriver.execute(AndroidDriver.java:1)
	at org.openqa.selenium.remote.RemoteWebDriver.startSession(RemoteWebDriver.java:249)
	at org.openqa.selenium.remote.RemoteWebDriver.<init>(RemoteWebDriver.java:131)
	at org.openqa.selenium.remote.RemoteWebDriver.<init>(RemoteWebDriver.java:144)
	at io.appium.java_client.DefaultGenericMobileDriver.<init>(DefaultGenericMobileDriver.java:36)
	at io.appium.java_client.AppiumDriver.<init>(AppiumDriver.java:114)
	at io.appium.java_client.AppiumDriver.<init>(AppiumDriver.java:132)
	at io.appium.java_client.android.AndroidDriver.<init>(AndroidDriver.java:92)
	at com.circlesLife.Utils.TestRunner.createInstance(TestRunner.java:90)
	at com.circlesLife.TestCases.FacebookAutomationTestCase.verifyAppiumConnectionAndAppLuanch(FacebookAutomationTestCase.java:30)
... Removed 28 stack frames]]>
    </failure>
  </testcase> <!-- verifyAppiumConnectionAndAppLuanch -->
  <testcase name="verifyFacebookLoginTest" time="0.004" classname="com.circlesLife.TestCases.FacebookAutomationTestCase">
    <failure type="java.lang.NullPointerException">
      <![CDATA[java.lang.NullPointerException
	at com.circlesLife.TestCases.FacebookAutomationTestCase.verifyFacebookLoginTest(FacebookAutomationTestCase.java:44)
... Removed 24 stack frames]]>
    </failure>
  </testcase> <!-- verifyFacebookLoginTest -->
</testsuite> <!-- Test1 -->
